[Tue Apr 12 2016 15:24:30 GMT+0800 (中国标准时间)]
signature=undefined;nonce=undefined;tmpStr=gNN+VE5ePYWo2iXhRpN+/s3cqy0=
[Tue Apr 12 2016 16:02:17 GMT+0800 (CST)]
signature=96b33cf5faeb345f705a4d11ba800953898ad432;nonce=2008235110;tmpStr=BKaX/PfMwjfcsNB+ZSh1qV3G5Ac=
[Tue Apr 12 2016 16:06:05 GMT+0800 (CST)]
signature=99d53bf5be2639460d0726701d4541905fc7f7b7;nonce=1651760759;tmpStr=108c1b76612a636444a86a65085328efe3033c3d
[Tue Apr 12 2016 16:08:26 GMT+0800 (CST)]
signature=291712f8409f5510128daae343afbdaeaeb4957f;nonce=881187311;tmpStr=1460448506881187311weixin;tokenStr=45d5a04b757754449ec654b49306cf3e8b36a04e
[Tue Apr 12 2016 16:12:31 GMT+0800 (CST)]
signature=6bf821e85c8bbeb25992b1618c47f85b012e6e4e;nonce=779121785;tmpStr=1460448751779121785weixin;tokenStr=80d37e544e5e3d85a8da25e146937efecddcab2d
[Tue Apr 12 2016 16:16:02 GMT+0800 (CST)]
signature=e68c70eb573a2aa884e52e1a686903b2d8ebc0f9;nonce=696166838;tmpStr=1460448962696166838weixin;tokenStr=973d7c68168fecedef39f3e5d3bd63d102edaaf0
[Tue Apr 12 2016 16:21:14 GMT+0800 (CST)]
signature=5fd0fde1dad0b2ed9eea2c4bd006ff6fe0d8e1be;nonce=1788641229;tmpStr=14604492741788641229weixin;tokenStr=fa96e6d6dcdf84bfe845c9123eef5aca58537fb5
[Tue Apr 12 2016 16:22:59 GMT+0800 (CST)]
signature=b5c60b62c9b5e57f71c29a8c40bf1361c7364d5f;nonce=324068089;tmpStr=1460449379324068089weixin;tokenStr=b5c60b62c9b5e57f71c29a8c40bf1361c7364d5f
[Tue Apr 12 2016 16:30:22 GMT+0800 (CST)]
signature=d5b2c192176fc9d115b99f0fece78c6908b7aafc;nonce=290686977;tmpStr=1460449822290686977weixin;tokenStr=d5b2c192176fc9d115b99f0fece78c6908b7aafc
[Tue Apr 12 2016 16:36:05 GMT+0800 (CST)]
signature=651aac9d98111fce1133d7eac435a9a5b387e1a7;nonce=671857074;tmpStr=1460450165671857074weixin;tokenStr=651aac9d98111fce1133d7eac435a9a5b387e1a7
[Tue Apr 12 2016 16:37:40 GMT+0800 (CST)]
signature=e8dd7991941743104807259730d947eb72ab070c;nonce=390406820;tmpStr=1460450260390406820weixin;tokenStr=e8dd7991941743104807259730d947eb72ab070c
[Tue Apr 12 2016 16:37:40 GMT+0800 (CST)]
echostr=undefined
[Tue Apr 12 2016 16:39:19 GMT+0800 (CST)]
signature=eb0174431818437e936ba6abfbabd7a1d993d18c;nonce=1780944342;tmpStr=14604503591780944342weixin;tokenStr=eb0174431818437e936ba6abfbabd7a1d993d18c
[Tue Apr 12 2016 16:39:19 GMT+0800 (CST)]
echostr=4413240668056370943
[Wed Apr 13 2016 13:16:38 GMT+0800 (CST)]
echostr=undefined
[Wed Apr 13 2016 13:23:47 GMT+0800 (CST)]
req={}
[Wed Apr 13 2016 13:25:10 GMT+0800 (CST)]
req={"signature":"d5e7e727df1ecb17a779d24a80ef454baad3670f","timestamp":"1460525110","nonce":"1422605325","encrypt_type":"aes","msg_signature":"5d8e817bcf3959ecb6538ef8e92a55a258de5552"}
[Wed Apr 13 2016 13:32:53 GMT+0800 (CST)]
req={"signature":"542f91197dc11a7d07f60deb22bb99ef84721418","timestamp":"1460525573","nonce":"1409663932","encrypt_type":"aes","msg_signature":"bf2eb3fa2705a7c8503a9c29444b61726d818e3d"}
[Wed Apr 13 2016 13:36:12 GMT+0800 (CST)]
req="{\"xml\":{\"URL\":\"http://115.159.72.43/wechat\",\"ToUserName\":\"wang859172\",\"FromUserName\":\"asas\",\"CreateTime\":\"123455\",\"MsgType\":\"text\",\"Content\":\"是\",\"MsgId\":\"1\",\"Encrypt\":\"JtDOj/tr+pLtsovtQthKbyi1gBR5ivYpOIhOP9igOV1Hy1fTWoLJ8AEM5+4LVlW/h+NwsRmDclych4vUXbIRTPC4/eVSv3CS8L8GWP+HOWI9/n4P8xBdpJGtRv8P1tcLYo00psc8wsVKO2GaXHLWruh+FPfUNqtXnjMgRjVv0ed4GE4bcY+18ksaStzwnvvYV+Jxyta/dhx2g4cqybAWVzNXruZ2Q3hK6uZDF/EbH+rEpRA9DwDYgUkIjXj4Qflnk0teBjqRDvodhk3BgaoU4KjRp75n/omkxlBKV/Wz/cfcNXdakqPpkw92FrXPSqy0PuS8kLgbbZoE3rvkSaTSkZbuRiZbb15ggNM6WS2RGvn0SE72zTNOpQassleqag0BYGc1GwKSu2bXXAyWsRnXNoLPlxNEf3yhWiOnFXwmzPY=\"}}"
[Wed Apr 13 2016 13:48:18 GMT+0800 (CST)]
req=undefined
[Wed Apr 13 2016 13:56:48 GMT+0800 (CST)]
req={"xml":{"URL":["http://115.159.72.43/wechat"],"ToUserName":["wang859172"],"FromUserName":["asas"],"CreateTime":["123455"],"MsgType":["text"],"Content":["是"],"MsgId":["1"],"Encrypt":["jNLstArap6fS9MrRA8LIe/54oy+J99zXJ7i3aNGJCj0cEDqdXd8te+sJJa26AkWssDWVeIp9W7o+CFmhUAgw4a9KXUqWw4umFMRo2mNckJTcmG9tlqTI5TVLaQn8Pv5zjzV30Gdkhc1oVFKvzE1B5O1LIU6GL9zhMgFOF6O6G4GFEhPGwqz+SMldgviVn19Wq78+B2DfZEuHaOj1Qng3hrPhgTDGfkk1Nr9xktGMn0qbbNbpoWKJZ0/lpMQ+pqDjkaPWnYyIdNLMC3e2bT9CKl+A5Pdfs8gYFp1AxynmPnN9NHCpf6McRktQmwWfLvknHM4ktlBYm7WnFaXyeqCPV492+c5LEYqWmjC9ApoFwKI6T71E+EfrkSTL73yIGRN8Cn4n7UJ3H4xFvaeF4XSQEbHhLvLOC5c4J3V8Z65t9Vc="]}}
[Wed Apr 13 2016 13:58:02 GMT+0800 (CST)]
req={"xml":{"URL":"http://115.159.72.43/wechat","ToUserName":"wang859172","FromUserName":"asas","CreateTime":"123455","MsgType":"text","Content":"是","MsgId":"1","Encrypt":"YHPEtns1OPq6alixMTvgVQOx57PD2PDwoVBChEVtz6rIJPFZJwKuGCakZhVFEpmwDryKr67ulRqHAu6Gjmq88AepK4cWKVABD1SWrHzB06HMzXhL6Hs7UXYO3j0Wgprzwd+rSvh6dEvIywBw820nhLUhpMrFnN5Xdkp9vrVsWUxEnw+lptLqhB7IfhujsUIHtX1+WBUBKJVMTvF15BlQgoUL9g0dtuCnGDdFtwKmp8Uw49w39V0fW2rVA6NosavTQlCeY7z7Ngan8J27BCglT4A82L1E2dVjhEYe/vSQFzJd8qaR2zQsgzdgxSDP4kC54U+5J0SPatV3gOtVvcXRHeTvE4FmMBZupU794uu/DiJ6BUFAxjod8Ug65aiiOsv0ZO7d239N8e2TDeRWhcbGN2zY2HE9LVk2RTDWmkKNUqg="}}
[Wed Apr 13 2016 14:04:42 GMT+0800 (CST)]
req={"xml":{"ToUserName":"gh_694fcc0f1a09","FromUserName":"o7s6iwzfZjed1ij2qkWWiEmummsI","CreateTime":"1460527482","MsgType":"text","Content":"是","MsgId":"6272917770501656263","Encrypt":"x4DsTpRUrUg5xiQguTdtNC0SLzBy7hik5pZR2xaE4R6r3UTalz9uJ10YPs4Z01vscEeJBf5H+UBIzOgQodFJDpN4jy8/XXrcNRjRd/tebLQP4BNjwj2xeJjpgfTshBwWz0QMzdgxfpw0S92RuHePk2H1ubxyInwZcjSAGIz4GS4bzyU9GzInGK44bCU9MDjW5nzPYOcTXBqul+LEGnBJdbvkq99HBOJZjRH8p28mKwQAR1NyMcYNd69CVxjtth9/2OoRfLUWubZw6Whj6ir9cZWSGjxupHsg3MFFcLL/KTP4hJ5XSvAmaF1mD2KlSwSf/0kYDltAjQ1HzS3/jEmCS07agYvWsSQ7qRPkMLZHZsFKV1SgsCAvJ1BVDH5WSNToGFgjD05Isp8RB2tmMNhgvVGgSXWfNcd2HGnVrn4AU7Y="}}
[Wed Apr 13 2016 14:41:50 GMT+0800 (CST)]
req={"xml":{"URL":"http://115.159.72.43/wechat","ToUserName":"wang859172","FromUserName":"asas","CreateTime":"123455","MsgType":"text","Content":"是","MsgId":"1","Encrypt":"tWIq/+pEGtzm9LgZwo4o0aQ4SU1mR8nSnneKZc3IoK97MHe5RZgBu3J1ckIbJD11L5B/wgWLfeNOnNDRRC2S80+auQhjPkpiJ1tsEGhqmtXlZv2dfhpTUQxKicr2WqXjpG3SsvII+0f82YlU31V93RLIB3YVpR05rIvc7i16cfvNB7Hhs+Tx02+/CEMZcN9FL42zQb1FcuTrJ+b/7sctAKFxB07YM5NgZaWCSsFy0zHu/bP1NYp6noIQxdfDjFQ8MLjD1fSV1hF6vN6nUSgfk/sFJ7lgpmpuTEosNanmn/FYXAGfkJw/atxERNbJ/1pQmo4N65S8oewEZjX0Co0k0LQNEEJrd8R1+KY/G1YZ7+hRCGEd1IeC0bP6HCIx8GTkNCzdYWH3Jt7XmRpsdHUl4KyjPQv6Pd71YUOjZAJLX40="}}
[Wed Apr 13 2016 14:43:09 GMT+0800 (CST)]
req={"xml":{"URL":"http://115.159.72.43/wechat","ToUserName":"wang859172","FromUserName":"asas","CreateTime":"123455","MsgType":"text","Content":"是","MsgId":"1","Encrypt":"N2aN9slIU1lQy/R7J3bCXin0vJYS4jtzum3Eycap96Vsvb2xsdYgDFQIi8eddbmgIlorqedLfv+lUCNq1O3FId7gf0b3wNOx6NPf0+K8HDKy4GtwwFsSrmaUi4Bd6AIlSE3dXIR+3G6ksmH/C4ejXxHuP20iSARdnjQNhr/ntKe5596TLzV4oRjM2iNghvBB7St5/j4I+CF1y8AzkOdzjuPBgXTPRmeEzStXkcD7vstxnddY5x76mk6D8FUsaP50Jm/GnaqxjlmLoTLlIs7vX6rE5LsFljxbiY1hISvTrXCeoKoOJVqVbdz6vwF9B8L/VQ944jp7auIC2BwEnvEjs0TNQ4a1vRGo1ImtVs0PJWSImPdy4EjZL1YZnQoWrNkBrkFJcIoYXKtVEC0AiE6TY6ZgKckJurILO9NEoExG0Yk="}}
[Wed Apr 13 2016 14:43:59 GMT+0800 (CST)]
req={"xml":{"ToUserName":"gh_694fcc0f1a09","FromUserName":"o7s6iwzfZjed1ij2qkWWiEmummsI","CreateTime":"1460529839","MsgType":"text","Content":"是","MsgId":"6272927893739573413","Encrypt":"TT8adbT1BlN/oSshBQi8qJU1H0u9Dfc881cBMmphVnWOB7E4MvW8umZQVJJ9t5gtl1oerZwipoCzGe2Y/1EnrZZyMLIIm7vVFsmCH80asVjmIaxGr35UXG/m4aKuAUmyvZta/qN6HXukfzrfyotCWVBIqKyJoQiKK2WkWFvhdisnX6dQvCE7PUoqn4VBywiHxUF4IVL27H4snLrKpxKQJ73hS3c0pErg2ElhnCYyZjdaiTRbiPEC8nlwRmXp8sxt10hWmBCaSurYG1CQCX3rY1EIuJ7iditofjJkQpsUWzf9SRHZaqyXaRLr3fUA8y8gE5OQjP5cX6nYg5rNL49VSAdJENkh7Mp7XVg56jI4XnqDboIgSd/+1FNHUxO1Qd3Ov+s3X/GM4c+3Mm3ElvYytZNq1TDTihy3rhRBByK+al8="}}
[Wed Apr 13 2016 14:45:51 GMT+0800 (CST)]
req={"xml":{"ToUserName":"gh_694fcc0f1a09","FromUserName":"o7s6iwzfZjed1ij2qkWWiEmummsI","CreateTime":"1460529951","MsgType":"text","Content":"好的","MsgId":"6272928374775910620","Encrypt":"0DUehM5d1FuqanGBXB4r3qKsNEuye2uN1MUgZw0f/BGRIuZGcG6e9ssLIye2Jebm4uZTGCYxfz2707QuOTcagKDqJuzc0LOWnGj1/NycMeVMjbfaGnKKHOEtLSoA4+8w7qpl1FyUsi5dCuYntuHJXM/TV0HkAUasox+d/+lFyvELjcVfIdnDmeXuEpGYJm8kJWOwz3nWQMrNdWbMg2AQoB2g3xwXIaJO8+uIG2MMOvD7iIyLATcAkfhfgQnUVM1LUlWKpOISz+/qbgrxqdbC1vBnLfZoBp4WcBpdJKHYEWRNXZ9pmp8wZTEXv51pPhQH5AIFt32vgPiwJUMeb0l9U5nQwt4JGG5yhJLqH/DX4yebUj+Ir7mi69iXRkd+ySw7Fw7IQizm4aRGHv+8jTkIeYRmk2jJSkybFrRsnOM7cvw="}}
[Wed Apr 13 2016 14:45:51 GMT+0800 (CST)]
reshttps://api.weixin.qq.com/cgi-bin/token?grant_type=client_credential&appid=wx2af43ef63416efa1&secret=0d3c96fb8bfcd8b0b4a00007a4ab55b8
[Wed Apr 13 2016 14:45:52 GMT+0800 (CST)]
2222
[Wed Apr 13 2016 14:49:28 GMT+0800 (CST)]
req={"xml":{"ToUserName":"gh_694fcc0f1a09","FromUserName":"o7s6iwzfZjed1ij2qkWWiEmummsI","CreateTime":"1460530168","MsgType":"text","Content":"时时","MsgId":"6272929306783813971","Encrypt":"MQK33k22GaB64zgD8CV+AteqOj1KPo6PZzG8H1leNJlEUYb4YCoxQMwBYf1B6mBrdwCIhkBAP1rKPo7Lp/sTUV2/9+gWwQc63KQ/2zFtJIgSxsTHZACYR6WzEPzS9cSvOMYfoOHND3pTlbmGeFUhSVwmyc32mMcnZ8iG2rSqndiJY7gomVT1+YXf600m7LvyNE7IIkQMTW3b1GR1uZzVYkbJ5qWrKUcLVY18/1OvRq8R/gZERXkXEJZBf95WjQqRHXLkHS/eiNEq6LDhguiHFiKSTOhY4jfnh8fxaMt0N37UnjNYxXpbK+9jE8523yiE4Q1Y/4lOT1+HWWKEdr+TSJmVHBSHbc8JTuvdRRSIHG+XtbGLIjhCSmIxaEAhlB3+FKWT7IPrQbLgujMYHxTvbrXN3jwk2K/yyaaMqbexdwA="}}
[Wed Apr 13 2016 14:49:28 GMT+0800 (CST)]
reshttps://api.weixin.qq.com/cgi-bin/token?grant_type=client_credential&appid=wx2af43ef63416efa1&secret=0d3c96fb8bfcd8b0b4a00007a4ab55b8
[Wed Apr 13 2016 14:49:30 GMT+0800 (CST)]
res={"access_token":"ajtBcU55mfO1X4Q4MKAX5lM3A3sekweSQFK_ftbBR0qKu_tMJTKDHTxbKyCTWDNrkC_ElV2Bn5AacWqDz1ra-yVIF6vknOJuXTmhquKuJLPteyjqazZK94-PWNXM0WnlBWDgABAFAH","expires_in":7200}
[Wed Apr 13 2016 14:52:01 GMT+0800 (CST)]
req={"xml":{"ToUserName":"gh_694fcc0f1a09","FromUserName":"o7s6iwzfZjed1ij2qkWWiEmummsI","CreateTime":"1460530321","MsgType":"text","Content":"OK","MsgId":"6272929963913810414","Encrypt":"3G7iXobjb/vd2PIQKGO/G56IvAFa0/HySpJxlj0qUElH756AKNgSz6i1W0dnp++71zS+nJMJKWUhqxxBB7NNNXPtwMNxBd0YGOe7OLfhqwcEeNUR7j7dX3HBmE6WsEoqvMGXfkjWYr0TGnCH+sgFKSVbXv53rYNDS2Bifsn5qXAsS1f+NJu/9nf5ifw2uJ/7g55fRcpYtd284lmIvkYFgqYKQyWJx7dx/DITaCvY0SFJpDZQkIAcaNS8iP0HOwe05izIvuXpJ0GOkQ279xApSaRSVpGcCsFq6AY0alGBzEjfMbZuCtCOswCTYtKJOJ6qfV4Q8tmUCIp24XHhuVhW17/Et5bNxhqr/SsJe3EmhZUHsQJiWdi6dAiPJP0vqiYY99A4KBLpawxQ0NU9Z44ui2f136kM/PZ/5dmfNLNhGO0="}}
[Wed Apr 13 2016 14:52:01 GMT+0800 (CST)]
reshttps://api.weixin.qq.com/cgi-bin/token?grant_type=client_credential&appid=wx2af43ef63416efa1&secret=0d3c96fb8bfcd8b0b4a00007a4ab55b8
[Wed Apr 13 2016 14:52:01 GMT+0800 (CST)]
res=BtUb8JtpFieJ8NWo9NpZfW3iIwxIwfSsbrgYg35XAnkggqYveBDkX6A1FONPYitGtDo6X4FwFBAW_pYq0_NcJgzVV_o4MU2mRKkDKbElyFgKFvY6BU_RpM5HvY2vTRUlDNVcAIAHRZ
[Wed Apr 13 2016 15:00:01 GMT+0800 (CST)]
req={"xml":{"ToUserName":"gh_694fcc0f1a09","FromUserName":"o7s6iwzfZjed1ij2qkWWiEmummsI","CreateTime":"1460530801","MsgType":"text","Content":"必需的","MsgId":"6272932025498113165","Encrypt":"r92+kCAd77fEci65Mx2uZBPV8sI761U7X9GQT+hrpUP60Wp8Ge+wruOnJyFboJwwUod10EzzMEwJUuVcPtIFdy9ORt1RPtSE5geEJqrNKInGYFfSP0fA9XXbHVBYVrceJY3OLiNPhOLNXrS26wbZRer/2DieRPfLDq2sTNBk7k/66rS3uXk0BEMwQKG/BHiayeOZMfsGIGPgwnXnigMT74oWEUV8OKaaXIqkSjm9Q5HaEejFoOPielgonLOyFg4MH/jYw6L/HLMmf2qryOxJpN3RRj+PcThA6yvjevskJWb3fxV7OHBXYTJ0SzPGWQQba0V9Vn18k3hnvC/NFeC0ANlz+wmseTWZ/qZyZAiNogpe4Q5PwaGWvz/iueCl59sXyVA7PkCs31rTIAsorxHaIRpfZsYIdCNj5sFLjhTLs5kr5vmiPEngZ1F4uJNYB2PqbefFnClox2Mh8yP+iHKNNQ=="}}
[Wed Apr 13 2016 15:00:01 GMT+0800 (CST)]
userInfo={"errcode":40001,"errmsg":"invalid credential, access_token is invalid or not latest hint: [ngwc0801vr19]"}
[Wed Apr 13 2016 15:03:20 GMT+0800 (CST)]
req={"xml":{"ToUserName":"gh_694fcc0f1a09","FromUserName":"o7s6iwzfZjed1ij2qkWWiEmummsI","CreateTime":"1460531000","MsgType":"text","Content":"能力","MsgId":"6272932880196605209","Encrypt":"6u5mE8mLCbuCZM1DUOockk2Dh3jqrP9tAinpxZNcixFkvjsBqT9tarshonNEuQ/qtW08JoWDePXzcw3qmEu9vyqWqXz0Lg9ZZbA6bC/aptVDn36g9897i446onF3tiOkduZ+HsRO2z6lFZoApr3zRSQ3ZGZw4y/gMBWDgAHGr69hsQLjygdYpU88f0mVx5YZszzPvV4djgxe0VSoAEP408CoPvdefxHzXQVlujxYSa0I988OCZgbU2IT1cQqz4t+qzdxFMb6CD8uYxh590whmUnGuQLBFVp6tZZ88PSsAtFzyIa2rQez3+bFgnchNQ0KA3N08p3wUjh7HF4hp1R6EPPEWMZWFp2h5pvaCtsmBra5ygLoGYDVpvt79rKl5QBZWbqiCd15tfqZa8+tEjp6i74youe+z5GekFtlf3ifPMs="}}
[Wed Apr 13 2016 15:03:20 GMT+0800 (CST)]
url=https://api.weixin.qq.com/cgi-bin/user/info?access_token=undefined&openid=undefined&lang=zh_CN
[Wed Apr 13 2016 15:03:20 GMT+0800 (CST)]
userInfo={"errcode":40001,"errmsg":"invalid credential, access_token is invalid or not latest hint: [q9C4va0000vr22]"}
[Wed Apr 13 2016 15:03:20 GMT+0800 (CST)]
res=5yoP8YVXo5jPi2NxvFq5CpaXB0RQQZ5cQ28fojaDd1J4upYgF1jwVa1MVqMBDdIHj6Xy-TIS3ZQgMWdV5CPH7M15nbIduVyrzMktH12F7FFI3IGUYvBS_uZuS3bWCDHZLTOdAAAEMH
[Wed Apr 13 2016 15:08:03 GMT+0800 (CST)]
req={"xml":{"ToUserName":"gh_694fcc0f1a09","FromUserName":"o7s6iwzfZjed1ij2qkWWiEmummsI","CreateTime":"1460531283","MsgType":"text","Content":"测试","MsgId":"6272934095672350104","Encrypt":"pwXbx3yEEznM8vrKuMjYkRCcCTY55PHOWFVun8+KA+aZqCvcV0h0PBXZV4sPu4aCnvDJ/18BHP0dg8FaSxQcsdKrB0S6hkay2dXZrHK4FWBFx/nx6AtWNdfVTo1dkVQKZZkIQeqLxEVxAjM7+Ewaa5pZ34mGaO8VFmNgX6uwkY9PzvRvrrMeptXtqva/9DsRCaizIr4HvAtTucXs+jHPHgwMDNuHnedpFN5Wz/qgq2muti2a9c3DHc4GirQPBZPKSAi6x0CXDjhgspyxWXj04l8FunAZs+H5CC9TXxV/njZcRdV6Ph/sUL5bTOxJMYiBmAKQwkGBqGpdW1HA5IVeqPkMjA8b4toxm/WZiqGdppLD0HX57eicnRb/ptMVo+D6/DMhoi+bm6q3jwh5KhjfujNeXaCqfttWls3hxN+6pkk="}}
[Wed Apr 13 2016 15:08:03 GMT+0800 (CST)]
url=https://api.weixin.qq.com/cgi-bin/user/info?access_token=undefined&openid=undefined&lang=zh_CN
[Wed Apr 13 2016 15:08:03 GMT+0800 (CST)]
res=L0PPLTw6rhfvSIPv_B0ftFmZqfq6p-Lwm3nCG7cZn756sL1Nmev2NTqGI6qBqh5lEXtBjIoVLrkA4Mu5WB1fplAOXEwyk9yi2PUcj6CN8AY7RoSuyB7HANM-862V0mEkXQVeAGALEJ
[Wed Apr 13 2016 15:08:04 GMT+0800 (CST)]
userInfo={"errcode":40001,"errmsg":"invalid credential, access_token is invalid or not latest hint: [O25.JA0284vr21]"}
[Wed Apr 13 2016 15:08:08 GMT+0800 (CST)]
req={"xml":{"ToUserName":"gh_694fcc0f1a09","FromUserName":"o7s6iwzfZjed1ij2qkWWiEmummsI","CreateTime":"1460531283","MsgType":"text","Content":"测试","MsgId":"6272934095672350104","Encrypt":"pwXbx3yEEznM8vrKuMjYkRCcCTY55PHOWFVun8+KA+aZqCvcV0h0PBXZV4sPu4aCnvDJ/18BHP0dg8FaSxQcsdKrB0S6hkay2dXZrHK4FWBFx/nx6AtWNdfVTo1dkVQKZZkIQeqLxEVxAjM7+Ewaa5pZ34mGaO8VFmNgX6uwkY9PzvRvrrMeptXtqva/9DsRCaizIr4HvAtTucXs+jHPHgwMDNuHnedpFN5Wz/qgq2muti2a9c3DHc4GirQPBZPKSAi6x0CXDjhgspyxWXj04l8FunAZs+H5CC9TXxV/njZcRdV6Ph/sUL5bTOxJMYiBmAKQwkGBqGpdW1HA5IVeqPkMjA8b4toxm/WZiqGdppLD0HX57eicnRb/ptMVo+D6/DMhoi+bm6q3jwh5KhjfujNeXaCqfttWls3hxN+6pkk="}}
[Wed Apr 13 2016 15:08:08 GMT+0800 (CST)]
url=https://api.weixin.qq.com/cgi-bin/user/info?access_token=undefined&openid=undefined&lang=zh_CN
[Wed Apr 13 2016 15:08:08 GMT+0800 (CST)]
res=L0PPLTw6rhfvSIPv_B0ftFmZqfq6p-Lwm3nCG7cZn77HcQDsffX6GzskCniNr5zTYMGehL9UKU2vhJyWEALB06sodx9Qf4X_fGII54RJPm5lWkl_NLVeAOR_CSHgn8oeVLFeAGAIYS
[Wed Apr 13 2016 15:08:08 GMT+0800 (CST)]
userInfo={"errcode":40001,"errmsg":"invalid credential, access_token is invalid or not latest hint: [60288vr18]"}
[Wed Apr 13 2016 15:08:13 GMT+0800 (CST)]
req={"xml":{"ToUserName":"gh_694fcc0f1a09","FromUserName":"o7s6iwzfZjed1ij2qkWWiEmummsI","CreateTime":"1460531283","MsgType":"text","Content":"测试","MsgId":"6272934095672350104","Encrypt":"pwXbx3yEEznM8vrKuMjYkRCcCTY55PHOWFVun8+KA+aZqCvcV0h0PBXZV4sPu4aCnvDJ/18BHP0dg8FaSxQcsdKrB0S6hkay2dXZrHK4FWBFx/nx6AtWNdfVTo1dkVQKZZkIQeqLxEVxAjM7+Ewaa5pZ34mGaO8VFmNgX6uwkY9PzvRvrrMeptXtqva/9DsRCaizIr4HvAtTucXs+jHPHgwMDNuHnedpFN5Wz/qgq2muti2a9c3DHc4GirQPBZPKSAi6x0CXDjhgspyxWXj04l8FunAZs+H5CC9TXxV/njZcRdV6Ph/sUL5bTOxJMYiBmAKQwkGBqGpdW1HA5IVeqPkMjA8b4toxm/WZiqGdppLD0HX57eicnRb/ptMVo+D6/DMhoi+bm6q3jwh5KhjfujNeXaCqfttWls3hxN+6pkk="}}
[Wed Apr 13 2016 15:08:13 GMT+0800 (CST)]
url=https://api.weixin.qq.com/cgi-bin/user/info?access_token=undefined&openid=undefined&lang=zh_CN
[Wed Apr 13 2016 15:08:13 GMT+0800 (CST)]
userInfo={"errcode":40001,"errmsg":"invalid credential, access_token is invalid or not latest hint: [PpZihA0293vr18]"}
[Wed Apr 13 2016 15:08:13 GMT+0800 (CST)]
res=L0PPLTw6rhfvSIPv_B0ftFmZqfq6p-Lwm3nCG7cZn75IEQKRoha7XsvWfsE3H4daNKC8rTge3yec8aG1IFSgl4zjwmYMxlCQZdtMLKJTblw5DjXBMoPJu-ahpwNhQJvdPNXeAGASQA
[Wed Apr 13 2016 15:14:00 GMT+0800 (CST)]
req={"xml":{"ToUserName":"gh_694fcc0f1a09","FromUserName":"o7s6iwzfZjed1ij2qkWWiEmummsI","CreateTime":"1460531640","MsgType":"text","Content":"试试","MsgId":"6272935628975674888","Encrypt":"RvXcz1xhIQsNsAmklqgxIn8buYklapoNJtwbqQzvTt2v9PMIr4ExKym5dhfPoN2boMjcHgG7hLlU5V96T4xSwkeOZ0KNBDrx2V1ig58oHTarNRYCjQ+gi8HS2kQVncVfcTY2twdBgNRCqo+ipdGXOnA+e1CCwU1RIm76Rib9BK779Y5mJr4fJD3eZKvrkW+gCx+glkBGuFDF3hbZVN6WryE/IROJqN3mNtRGPyi/bpMV7y+McHSYw/QnJNiOWRFjZC4fUKVamqVDqN6oa6GOR97rkyCABfJ/FSw1wRXqDxKaTShBHpakHftOCSOmVsFw5QT22s65gFJxDJAYB0cAbW98zbKv/YHdmV0LWvIHMHj7brYekMc9F5GvES7T797tg/8zWr2QoUx53FE4O24nfktl63Ebi2u5a1j8UMi9kPU="}}
[Wed Apr 13 2016 15:16:01 GMT+0800 (CST)]
req={"xml":{"ToUserName":"gh_694fcc0f1a09","FromUserName":"o7s6iwzfZjed1ij2qkWWiEmummsI","CreateTime":"1460531761","MsgType":"text","Content":"还得是","MsgId":"6272936148666717741","Encrypt":"WgP5ZDNClRhJa7Fbl8nKjFAMYYuhezUeriDDV8qyV48bf2bxWrKrAudWSRA3HQY4JGNOQbz5p7NzEW+NYlxyBz8xxIFogkyTBYDdvHjF0RiJsuu2LXAeqt6LYxqk7u5SJYZkqfBrTiSgfqDs0mKXzdIiYCTL7y9XVce9vdaOvyK7b/gs7yPPkHb8BUEeFUWyHf4b7yckOwjT8Eea+RRe+lf6g7+GO+oNpqhDjWTQ+RSW2OwGSm0uG8d/x98e/v24GUOkTrYOM0Dxkaod6E5Cw1UubsyTG1ngMGpqCtnv2dFnef9tNkj6gTLFeE/+KL2Z0NEervE4tN0/UNMFqQ9wDPmQnjZo6HtyKNt7GOPQA7kqud9YJtYr94/EywSDuP2xzMiWc1ehxloBgRoL0KjfvSw8kOqeMJiVxBz5dClKxvwfbbPGYqZ+h+furKzqA4q6UxD+Tuu5TeAru5M7p2EHWA=="}}
[Wed Apr 13 2016 15:18:03 GMT+0800 (CST)]
req={"xml":{"ToUserName":"gh_694fcc0f1a09","FromUserName":"o7s6iwzfZjed1ij2qkWWiEmummsI","CreateTime":"1460531882","MsgType":"text","Content":"继续","MsgId":"6272936668357760595","Encrypt":"R5btcSlTXjFeMFYWai5zYVu3DhaxgFi3r0WQwHGQAZf8NJ1HsXj4ykq9b0FQcOBNh3OI31Woj0c/SLKQ54qaC1AAhiZgL+Rhpi2dhru7GDx+JXPtyYNydGXn8pCiYlR6KRhhZB/rXQcavT8p3d7QA0jIfgYLk62QKQ5dC/oeC4ACIhiFcKj3GYud9SQ4IvyQuhTpNXr1xaHTklQEu0Y3pT8AoIQO+oHPxgWJ29bTlLJTB1Gmo37EpIQaqU7eE2DQO74adFnwTsS6Hub3u/bcCh4FvtVcO1IUn1HpJ6RZJLMD+IyC4ttvSQUyeW7eEeSl2OdblPOGlIAmt+t0K1wktDqa3/AodgMYJ62go3rHwPELHvATIE5kzxXMlH9PooolRPah1tgr2RDqwKiZSawmZLj8kLYGJJuQDMBtjL6p2p8="}}
[Wed Apr 13 2016 15:18:03 GMT+0800 (CST)]
url=https://api.weixin.qq.com/cgi-bin/user/info?access_token=undefined&openid=undefined&lang=zh_CN
[Wed Apr 13 2016 15:18:03 GMT+0800 (CST)]
userInfo={"errcode":40001,"errmsg":"invalid credential, access_token is invalid or not latest hint: [rXe8Ba0883vr23]"}
[Wed Apr 13 2016 15:18:03 GMT+0800 (CST)]
res=rBGewQa_qIH-Ip2ZHilU5jqoVbleu1Zw6VjD8-Pzg9b6Fy5TmXiJwGgHTZdwYf4sxGO1dGWmg4OzmiMEBXL7VkhpvyK-VE2UWeE0JuYP8PUp220fTSAE3XE4DYW2ZTGTNHAiACACWP
[Wed Apr 13 2016 15:22:23 GMT+0800 (CST)]
req={"xml":{"ToUserName":"gh_694fcc0f1a09","FromUserName":"o7s6iwzfZjed1ij2qkWWiEmummsI","CreateTime":"1460532143","MsgType":"text","Content":"回调","MsgId":"6272937789344225015","Encrypt":"bh+frh/2m0InsaushKD67mTlXFE+7767ms2J5qKBVXj2HiJ9vK2+YUnafjJuoGGJHBABqY/IEPUvQHH3Vt4KBrb6srxKWxTV/Qq8ROgDh43dz2x7Re4gWon2+7ZA7CH/Ox76ad/+OiSNjzWokaYLvGHoaL3ecVJar67BG00b3IqjenVlM13/espYyp+UHOh6p4cS2Djpkl8scy1czqbn9qBF1EDX3zzzBi+jXthOHzBlvtQ3uFt8x2yah86gbbbWdq1mO6R2mAm9bKV/M1kTniawFJ6XaOdeDJK9gysUho+D8wVqlITlU9+Imh8/fvvl8zQXT34jrGUboxrPSD1rX8w6aGyGzR0967ZqcQ2K77iTRdcHdAAK+7Z+iMrlPQKBrpSU6hoD7u4Pa95zxRAyCAKbvh2+58Y1cuUd38rD3OI="}}
[Wed Apr 13 2016 15:22:23 GMT+0800 (CST)]
res=kl-sERjXv0G0irCGlR1OK8JCsbIFLLJCIlHpPb4xaFAX5Hkx7ERBvxUaFsAI8o9YFVTwJQ5VTxYm9toXoeehTdjeT1wQTVrlfRhDMgzh7cZCk9WQUi3ITcCM4NR983n8NCIaADAFUA
[Wed Apr 13 2016 15:22:23 GMT+0800 (CST)]
url=https://api.weixin.qq.com/cgi-bin/user/info?access_token=kl-sERjXv0G0irCGlR1OK8JCsbIFLLJCIlHpPb4xaFAX5Hkx7ERBvxUaFsAI8o9YFVTwJQ5VTxYm9toXoeehTdjeT1wQTVrlfRhDMgzh7cZCk9WQUi3ITcCM4NR983n8NCIaADAFUA&openid=undefined&lang=zh_CN
[Wed Apr 13 2016 15:22:23 GMT+0800 (CST)]
userInfo={"errcode":48001,"errmsg":"api unauthorized hint: [WFirGa0143vr23]"}
[Wed Apr 13 2016 15:25:09 GMT+0800 (CST)]
req={"xml":{"ToUserName":"gh_694fcc0f1a09","FromUserName":"o7s6iwzfZjed1ij2qkWWiEmummsI","CreateTime":"1460532309","MsgType":"text","Content":"json","MsgId":"6272938502308796197","Encrypt":"/XFEpof5lhjra6jXLupAPLYuqJ0VU70+PG4c7/XdeOgCYllF1olkXB5tOB8m8hJPFfSLV3fnCeHmxvyE9IzyAtvnvlM8UWGN+9lBO+YrB/Q9viV60LRfxPMZ4NOAOo1Gkut611Fwc4SqrA51ZldwhGb6igsCRFbAAYZ/E/bS6wZPUMl2QWcvkc0Qhad5G25wPS5S2vqkUczUS0Z0c2aYYez2hpKDWUbVt4oChTGPp5JdJnOlsnHUjxkWd/akFqLsGX+i5cqEu6ouPN/YyPDQBiD1J7EG9uRtYl4y8bEDMfYg8dwpqK30CyIs1+HpWPSvTn1wb9ZuzV0kLFZLhZAY1SldHXyOgso2pbSCQR9E6fgRV54Xt2G9PRU8fi4zjuDaG+xTZ1ck2SW4rMYx7zeGstNKl41RyPDPQ4hU+PivC+Y="}}
[Wed Apr 13 2016 15:25:09 GMT+0800 (CST)]
res=EKxNTy0yrQRUYWOOio8q32lXYzEUxnpwqNL0d4h6hHLUmDtTJC4lfdOhAp1OeaXySRMz_wabo3WLQpNxaZqk7ixagxv88EQtN5aUZaj4NBwEDOaADAZYJ
[Wed Apr 13 2016 15:25:09 GMT+0800 (CST)]
url=https://api.weixin.qq.com/cgi-bin/user/info?access_token=EKxNTy0yrQRUYWOOio8q32lXYzEUxnpwqNL0d4h6hHLUmDtTJC4lfdOhAp1OeaXySRMz_wabo3WLQpNxaZqk7ixagxv88EQtN5aUZaj4NBwEDOaADAZYJ&openid=o7s6iwzfZjed1ij2qkWWiEmummsI&lang=zh_CN
[Wed Apr 13 2016 15:25:09 GMT+0800 (CST)]
userInfo={"errcode":48001,"errmsg":"api unauthorized hint: [MFKrdA0309vr23]"}
[Wed Apr 13 2016 19:57:09 GMT+0800 (CST)]
content is null,openId iso7s6iwzANSOtK9PcRqpJxJUXuv6I
[Sun Apr 17 2016 13:25:19 GMT+0800 (CST)]
content is null,openId iso7s6iw89qQqkeE3_21rbcBamIJxs
[Sun Apr 17 2016 23:13:11 GMT+0800 (CST)]
111
[Sun Apr 17 2016 23:14:40 GMT+0800 (CST)]
111
[Sun Apr 17 2016 23:14:40 GMT+0800 (CST)]
333
[Sun Apr 17 2016 23:16:33 GMT+0800 (CST)]
111
[Sun Apr 17 2016 23:16:33 GMT+0800 (CST)]
333
[Sun Apr 17 2016 23:17:51 GMT+0800 (CST)]
111
[Sun Apr 17 2016 23:17:51 GMT+0800 (CST)]
333
[Sun Apr 17 2016 23:19:40 GMT+0800 (CST)]
111
[Sun Apr 17 2016 23:19:40 GMT+0800 (CST)]
333
[Sun Apr 17 2016 23:19:40 GMT+0800 (CST)]
222
[Mon Apr 18 2016 06:05:12 GMT+0800 (CST)]
content is null,openId iso7s6iw10kyNiBMuSGJyOPCFpIVTk
[Tue Apr 19 2016 14:33:51 GMT+0800 (CST)]
content is null,openId iso7s6iwzANSOtK9PcRqpJxJUXuv6I
[Tue Apr 19 2016 14:34:48 GMT+0800 (CST)]
content is null,openId iso7s6iwzANSOtK9PcRqpJxJUXuv6I
[Tue Apr 19 2016 14:34:56 GMT+0800 (CST)]
content is null,openId iso7s6iwzANSOtK9PcRqpJxJUXuv6I
[Tue Apr 19 2016 14:35:11 GMT+0800 (CST)]
content is null,openId iso7s6iwzANSOtK9PcRqpJxJUXuv6I
[Mon Apr 25 2016 13:55:50 GMT+0800 (CST)]
content is null,openId iso7s6iw0H7obdIOvYZcGmcAYJ9Lrs
[Fri Jun 17 2016 16:11:17 GMT+0800 (中国标准时间)]
index success: test
[Fri Jun 17 2016 16:13:27 GMT+0800 (中国标准时间)]
articleList success: test
[Fri Jun 17 2016 16:14:03 GMT+0800 (中国标准时间)]
index success: test
[Fri Jun 17 2016 16:14:37 GMT+0800 (中国标准时间)]
index success: test
disconnect: test[Fri Jun 17 2016 16:14:50 GMT+0800 (中国标准时间)]
articleList success: test
disconnect: test[Fri Jun 17 2016 16:14:56 GMT+0800 (中国标准时间)]
index success: test
[Fri Jun 17 2016 16:18:52 GMT+0800 (中国标准时间)]
index success: test
[Fri Jun 17 2016 16:18:58 GMT+0800 (中国标准时间)]
articleList success: test
disconnect: test[Fri Jun 17 2016 16:19:01 GMT+0800 (中国标准时间)]
articlePublish success: test
[Fri Jun 17 2016 16:19:06 GMT+0800 (中国标准时间)]
articleList success: test
[Fri Jun 17 2016 16:29:09 GMT+0800 (中国标准时间)]
index success: test
[Fri Jun 17 2016 16:29:16 GMT+0800 (中国标准时间)]
articleList success: test
disconnect: test[Fri Jun 17 2016 16:29:58 GMT+0800 (中国标准时间)]
index success: test
[Fri Jun 17 2016 16:30:04 GMT+0800 (中国标准时间)]
articleList success: test
disconnect: test[Fri Jun 17 2016 16:30:07 GMT+0800 (中国标准时间)]
articlePublish success: test
[Fri Jun 17 2016 16:30:09 GMT+0800 (中国标准时间)]
index success: test
disconnect: test[Thu Aug 04 2016 14:33:51 GMT+0800 (中国标准时间)]
articlePublish success: test
[Thu Aug 04 2016 14:36:11 GMT+0800 (中国标准时间)]
mobilePost success: test
[Thu Aug 04 2016 14:41:12 GMT+0800 (中国标准时间)]
mobilePost success: test
[Thu Aug 04 2016 14:41:24 GMT+0800 (中国标准时间)]
mobilePost success: test
[Thu Aug 04 2016 14:51:45 GMT+0800 (中国标准时间)]
mobilePost success: test
[Thu Aug 04 2016 14:51:56 GMT+0800 (中国标准时间)]
mobilePost success: test
[Thu Aug 04 2016 15:05:51 GMT+0800 (中国标准时间)]
mobilePost success: test
[Thu Aug 04 2016 15:07:35 GMT+0800 (中国标准时间)]
mobilePost success: test
[Thu Aug 04 2016 15:10:40 GMT+0800 (中国标准时间)]
mobilePost success: test
[Thu Aug 04 2016 15:11:44 GMT+0800 (中国标准时间)]
mobilePost success: test
[Thu Aug 04 2016 15:12:37 GMT+0800 (中国标准时间)]
mobilePost success: test
[Thu Aug 04 2016 15:13:07 GMT+0800 (中国标准时间)]
mobilePost success: test
[Thu Aug 04 2016 15:15:14 GMT+0800 (中国标准时间)]
mobilePost success: test
[Thu Aug 04 2016 15:27:11 GMT+0800 (中国标准时间)]
index success: test
[Thu Aug 04 2016 15:27:51 GMT+0800 (中国标准时间)]
mobilePost success: test
disconnect: test[Thu Aug 04 2016 15:32:53 GMT+0800 (中国标准时间)]
mobilePost success: test
[Thu Aug 04 2016 15:33:42 GMT+0800 (中国标准时间)]
mobilePost success: test
[Thu Aug 04 2016 15:34:51 GMT+0800 (中国标准时间)]
articleList success: test
[Thu Aug 04 2016 15:36:01 GMT+0800 (中国标准时间)]
articleList success: test
[Thu Aug 04 2016 15:36:02 GMT+0800 (中国标准时间)]
mobilePost success: test
[Thu Aug 04 2016 15:37:37 GMT+0800 (中国标准时间)]
mobilePost success: test
[Thu Aug 04 2016 15:38:01 GMT+0800 (中国标准时间)]
mobilePost success: test
[Thu Aug 04 2016 15:38:45 GMT+0800 (中国标准时间)]
mobilePost success: test
[Thu Aug 04 2016 15:39:49 GMT+0800 (中国标准时间)]
mobilePost success: test
[Thu Aug 04 2016 15:40:05 GMT+0800 (中国标准时间)]
mobilePost success: test
[Thu Aug 04 2016 15:40:36 GMT+0800 (中国标准时间)]
mobilePost success: test
[Thu Aug 04 2016 15:40:42 GMT+0800 (中国标准时间)]
mobilePost success: test
[Thu Aug 04 2016 15:42:04 GMT+0800 (中国标准时间)]
mobilePost success: test
[Thu Aug 04 2016 15:42:25 GMT+0800 (中国标准时间)]
mobilePost success: test
[Thu Aug 04 2016 15:43:38 GMT+0800 (中国标准时间)]
mobilePost success: test
[Thu Aug 04 2016 15:51:22 GMT+0800 (中国标准时间)]
mobilePost success: test
[Thu Aug 04 2016 15:53:28 GMT+0800 (中国标准时间)]
mobilePost success: test
[Thu Aug 04 2016 15:57:53 GMT+0800 (中国标准时间)]
mobilePost success: test
[Thu Aug 04 2016 15:58:03 GMT+0800 (中国标准时间)]
mobilePost success: test
[Thu Aug 04 2016 15:58:10 GMT+0800 (中国标准时间)]
index success: test
disconnect: test[Thu Aug 04 2016 15:58:23 GMT+0800 (中国标准时间)]
articleList success: test
[Thu Aug 04 2016 16:05:50 GMT+0800 (中国标准时间)]
index success: test
[Thu Aug 04 2016 16:08:21 GMT+0800 (中国标准时间)]
index success: test
[Thu Aug 04 2016 16:22:27 GMT+0800 (中国标准时间)]
index success: test
[Thu Aug 04 2016 16:24:22 GMT+0800 (中国标准时间)]
index success: test
disconnect: test[Thu Aug 04 2016 16:32:32 GMT+0800 (中国标准时间)]
index success: test
disconnect: test[Thu Aug 04 2016 16:36:04 GMT+0800 (中国标准时间)]
index success: test
disconnect: test[Thu Aug 04 2016 16:36:54 GMT+0800 (中国标准时间)]
index success: test
disconnect: test[Thu Aug 04 2016 16:37:36 GMT+0800 (中国标准时间)]
index success: test
disconnect: test[Thu Aug 04 2016 17:47:59 GMT+0800 (中国标准时间)]
getEmotions success: 
[Fri Aug 05 2016 14:18:45 GMT+0800 (中国标准时间)]
mobilePost success: test
[Fri Aug 05 2016 14:37:55 GMT+0800 (中国标准时间)]
mobilePost success: test
[Fri Aug 05 2016 14:38:51 GMT+0800 (中国标准时间)]
getEmotions success: 
[Fri Aug 05 2016 14:45:19 GMT+0800 (中国标准时间)]
getEmotions success: 
[Fri Aug 05 2016 14:47:53 GMT+0800 (中国标准时间)]
getEmotions success: 
[Fri Aug 05 2016 14:49:41 GMT+0800 (中国标准时间)]
getEmotions success: 
[Fri Aug 05 2016 14:49:52 GMT+0800 (中国标准时间)]
getEmotions success: 
[Fri Aug 05 2016 14:50:20 GMT+0800 (中国标准时间)]
getEmotions success: 
[Fri Aug 05 2016 14:54:13 GMT+0800 (中国标准时间)]
getEmotions success: 
[Fri Aug 05 2016 14:54:31 GMT+0800 (中国标准时间)]
index success: test
[Fri Aug 05 2016 14:55:18 GMT+0800 (中国标准时间)]
index success: test
[Fri Aug 05 2016 15:30:45 GMT+0800 (中国标准时间)]
index success: test
[Fri Aug 05 2016 15:31:23 GMT+0800 (中国标准时间)]
index success: test
disconnect: test[Fri Aug 05 2016 15:33:22 GMT+0800 (中国标准时间)]
index success: test
[Fri Aug 05 2016 15:36:12 GMT+0800 (中国标准时间)]
index success: test
[Fri Aug 05 2016 15:37:34 GMT+0800 (中国标准时间)]
index success: test
disconnect: testdisconnect: test[Fri Aug 05 2016 15:42:35 GMT+0800 (中国标准时间)]
index success: test
[Fri Aug 05 2016 15:43:20 GMT+0800 (中国标准时间)]
index success: test
[Fri Aug 05 2016 15:54:04 GMT+0800 (中国标准时间)]
index success: test
[Fri Aug 05 2016 15:54:59 GMT+0800 (中国标准时间)]
index success: test
disconnect: test[Fri Aug 05 2016 15:55:27 GMT+0800 (中国标准时间)]
index success: test
disconnect: testdisconnect: test[Fri Aug 05 2016 16:01:32 GMT+0800 (中国标准时间)]
index success: test
[Fri Aug 05 2016 16:02:06 GMT+0800 (中国标准时间)]
index success: test
[Fri Aug 05 2016 16:11:33 GMT+0800 (中国标准时间)]
index success: test
[Fri Aug 05 2016 16:14:29 GMT+0800 (中国标准时间)]
index success: test
[Fri Aug 05 2016 16:21:24 GMT+0800 (中国标准时间)]
index success: test
[Fri Aug 05 2016 16:23:05 GMT+0800 (中国标准时间)]
index success: test
disconnect: test[Fri Aug 05 2016 16:25:23 GMT+0800 (中国标准时间)]
index success: test
disconnect: test[Fri Aug 05 2016 16:27:06 GMT+0800 (中国标准时间)]
index success: test
disconnect: test[Fri Aug 05 2016 16:32:47 GMT+0800 (中国标准时间)]
index success: test
disconnect: test[Fri Aug 05 2016 16:33:19 GMT+0800 (中国标准时间)]
index success: test
disconnect: test[Fri Aug 05 2016 16:34:22 GMT+0800 (中国标准时间)]
index success: test
disconnect: test[Fri Aug 05 2016 16:35:09 GMT+0800 (中国标准时间)]
index success: test
disconnect: test[Fri Aug 05 2016 16:36:41 GMT+0800 (中国标准时间)]
index success: test
disconnect: test[Fri Aug 05 2016 16:39:17 GMT+0800 (中国标准时间)]
index success: test
disconnect: test[Fri Aug 05 2016 16:41:55 GMT+0800 (中国标准时间)]
index success: test
[Fri Aug 05 2016 16:45:24 GMT+0800 (中国标准时间)]
index success: test
disconnect: test[Fri Aug 05 2016 16:49:19 GMT+0800 (中国标准时间)]
index success: test
disconnect: test[Fri Aug 05 2016 16:51:18 GMT+0800 (中国标准时间)]
index success: test
disconnect: test[Fri Aug 05 2016 16:56:05 GMT+0800 (中国标准时间)]
index success: test
[Fri Aug 05 2016 17:01:51 GMT+0800 (中国标准时间)]
index success: test
disconnect: testdisconnect: test[Tue Aug 09 2016 15:02:01 GMT+0800 (中国标准时间)]
index success: test
[Tue Aug 09 2016 16:09:03 GMT+0800 (中国标准时间)]
index success: test
disconnect: test[Tue Aug 09 2016 16:10:01 GMT+0800 (中国标准时间)]
index success: test
disconnect: test[Tue Aug 09 2016 16:17:27 GMT+0800 (中国标准时间)]
index success: test
disconnect: test[Tue Aug 09 2016 16:18:00 GMT+0800 (中国标准时间)]
index success: test
disconnect: testdisconnect: test[Tue Aug 09 2016 17:49:32 GMT+0800 (中国标准时间)]
index success: test
disconnect: testdisconnect: test[Thu Aug 11 2016 10:15:34 GMT+0800 (中国标准时间)]
index success: test
disconnect: testdisconnect: testdisconnect: testdisconnect: testdisconnect: testdisconnect: test[Thu Aug 11 2016 10:59:15 GMT+0800 (中国标准时间)]
index success: test
disconnect: test[Thu Aug 11 2016 11:00:11 GMT+0800 (中国标准时间)]
index success: test
disconnect: testdisconnect: testdisconnect: test[Thu Aug 11 2016 14:15:37 GMT+0800 (中国标准时间)]
index success: test
[Thu Aug 11 2016 15:09:04 GMT+0800 (中国标准时间)]
index success: test
disconnect: test[Thu Aug 11 2016 15:12:15 GMT+0800 (中国标准时间)]
index success: test
disconnect: testdisconnect: test[Thu Aug 11 2016 15:21:06 GMT+0800 (中国标准时间)]
index success: test
[Thu Aug 11 2016 15:21:26 GMT+0800 (中国标准时间)]
index success: test
[Thu Aug 11 2016 15:22:34 GMT+0800 (中国标准时间)]
index success: test
[Thu Aug 11 2016 15:22:49 GMT+0800 (中国标准时间)]
index success: test
[Thu Aug 11 2016 15:23:45 GMT+0800 (中国标准时间)]
index success: test
[Thu Aug 11 2016 15:24:57 GMT+0800 (中国标准时间)]
index success: test
[Thu Aug 11 2016 15:25:20 GMT+0800 (中国标准时间)]
index success: test
disconnect: test[Thu Aug 11 2016 15:26:24 GMT+0800 (中国标准时间)]
index success: test
[Thu Aug 11 2016 15:26:39 GMT+0800 (中国标准时间)]
index success: test
[Thu Aug 11 2016 15:26:55 GMT+0800 (中国标准时间)]
index success: test
disconnect: test[Thu Aug 11 2016 15:28:09 GMT+0800 (中国标准时间)]
index success: test
disconnect: test[Thu Aug 11 2016 15:47:06 GMT+0800 (中国标准时间)]
index success: test
[Thu Aug 11 2016 15:53:56 GMT+0800 (中国标准时间)]
index success: test
[Thu Aug 11 2016 15:54:01 GMT+0800 (中国标准时间)]
index success: test
disconnect: test[Thu Aug 11 2016 15:54:23 GMT+0800 (中国标准时间)]
index success: test
[Thu Aug 11 2016 15:56:12 GMT+0800 (中国标准时间)]
index success: test
[Thu Aug 11 2016 15:56:19 GMT+0800 (中国标准时间)]
index success: test
[Thu Aug 11 2016 15:56:53 GMT+0800 (中国标准时间)]
index success: test
[Thu Aug 11 2016 15:57:10 GMT+0800 (中国标准时间)]
index success: test
[Thu Aug 11 2016 15:57:26 GMT+0800 (中国标准时间)]
index success: test
disconnect: test[Thu Aug 11 2016 16:09:36 GMT+0800 (中国标准时间)]
index success: test
disconnect: test[Tue Oct 18 2016 15:37:31 GMT+0800 (中国标准时间)]
getArticles success: 
