Failed to load c++ bson extension, using pure JS version
{ [Error: Cannot find module '../build/Release/bson'] code: 'MODULE_NOT_FOUND' }
js-bson: Failed to load c++ bson extension, using pure JS version
Express server listening on port 3000
tou
undefined
TypeError: Cannot read property 'name' of undefined
    at /usr/local/src/pursue/routes/router.js:39:38
    at Layer.handle [as handle_request] (/usr/local/src/pursue/node_modules/express/lib/router/layer.js:95:5)
    at next (/usr/local/src/pursue/node_modules/express/lib/router/route.js:131:13)
    at Route.dispatch (/usr/local/src/pursue/node_modules/express/lib/router/route.js:112:3)
    at Layer.handle [as handle_request] (/usr/local/src/pursue/node_modules/express/lib/router/layer.js:95:5)
    at /usr/local/src/pursue/node_modules/express/lib/router/index.js:277:22
    at Function.process_params (/usr/local/src/pursue/node_modules/express/lib/router/index.js:330:12)
    at next (/usr/local/src/pursue/node_modules/express/lib/router/index.js:271:10)
    at next (/usr/local/src/pursue/node_modules/express/lib/router/route.js:121:14)
    at checkLogin (/usr/local/src/pursue/routes/router.js:283:3)
[0mGET / [36m302 [0m24.031 ms - 56[0m
[0mGET /login [32m200 [0m12174.679 ms - 1693[0m
[0mGET /stylesheets/style.css [32m200 [0m16.463 ms - 4011[0m
[0mGET /javascripts/main.js [32m200 [0m16.976 ms - 738[0m
[0mGET /javascripts/bootstrap.min.js [32m200 [0m16.442 ms - 44117[0m
[0mGET /javascripts/jquery-2.2.0.min.js [32m200 [0m16.806 ms - 85589[0m
[0mGET /stylesheets/bootstrap.min.css [32m200 [0m23.106 ms - 88349[0m
[0mGET /images/banner.jpg [32m200 [0m281.391 ms - 53439[0m
[0mGET /images/b1.jpg [32m200 [0m189.189 ms - 393467[0m
[0mGET /images/logo.png [32m200 [0m1.699 ms - 1608[0m
[0mGET /regist [32m200 [0m6.471 ms - 1538[0m
[0mGET /javascripts/jquery-2.2.0.min.js [36m304 [0m3.289 ms - -[0m
[0mGET /stylesheets/bootstrap.min.css [36m304 [0m3.335 ms - -[0m
[0mGET /stylesheets/style.css [36m304 [0m3.384 ms - -[0m
[0mGET /javascripts/bootstrap.min.js [36m304 [0m3.346 ms - -[0m
[0mGET /javascripts/main.js [36m304 [0m2.958 ms - -[0m
[0mGET /images/b1.jpg [36m304 [0m0.558 ms - -[0m
[0mPOST /regist [36m302 [0m99.413 ms - 46[0m
tou
{ name: 'shing', password: '45f30919a247ff5041ca46d1ed56638f' }
1
2
0
20
null
111
[0mGET / [32m200 [0m13.576 ms - 3884[0m
[0mGET /stylesheets/bootstrap.min.css [36m304 [0m1.337 ms - -[0m
[0mGET /javascripts/bootstrap.min.js [36m304 [0m4.031 ms - -[0m
[0mGET /javascripts/jquery-2.2.0.min.js [36m304 [0m4.043 ms - -[0m
[0mGET /stylesheets/style.css [36m304 [0m3.899 ms - -[0m
[0mGET /javascripts/index.js [32m200 [0m1.262 ms - 2048[0m
err=null
总算是搞定了，不容易啊。。先mark一下
Mon Apr 11 2016 16:11:53 GMT+0800 (CST)
null
shing
[0mPOST /index [36m302 [0m18.564 ms - 56[0m
index
[0mGET /index [32m200 [0m14.895 ms - 4236[0m
[0mGET /stylesheets/bootstrap.min.css [36m304 [0m0.671 ms - -[0m
[0mGET /stylesheets/style.css [36m304 [0m0.822 ms - -[0m
[0mGET /javascripts/jquery-2.2.0.min.js [36m304 [0m0.649 ms - -[0m
[0mGET /javascripts/bootstrap.min.js [36m304 [0m0.848 ms - -[0m
[0mGET /javascripts/index.js [36m304 [0m1.468 ms - -[0m
tou
undefined
TypeError: Cannot read property 'name' of undefined
    at /usr/local/src/pursue/routes/router.js:39:38
    at Layer.handle [as handle_request] (/usr/local/src/pursue/node_modules/express/lib/router/layer.js:95:5)
    at next (/usr/local/src/pursue/node_modules/express/lib/router/route.js:131:13)
    at Route.dispatch (/usr/local/src/pursue/node_modules/express/lib/router/route.js:112:3)
    at Layer.handle [as handle_request] (/usr/local/src/pursue/node_modules/express/lib/router/layer.js:95:5)
    at /usr/local/src/pursue/node_modules/express/lib/router/index.js:277:22
    at Function.process_params (/usr/local/src/pursue/node_modules/express/lib/router/index.js:330:12)
    at next (/usr/local/src/pursue/node_modules/express/lib/router/index.js:271:10)
    at next (/usr/local/src/pursue/node_modules/express/lib/router/route.js:121:14)
    at checkLogin (/usr/local/src/pursue/routes/router.js:283:3)
[0mGET / [36m302 [0m1.792 ms - 56[0m
[0mGET /login [32m200 [0m3.509 ms - 1735[0m
[0mGET /javascripts/jquery-2.2.0.min.js [32m200 [0m0.434 ms - 85589[0m
[0mGET /stylesheets/style.css [32m200 [0m2.362 ms - 4011[0m
[0mGET /stylesheets/bootstrap.min.css [32m200 [0m1.157 ms - 88349[0m
[0mGET /javascripts/main.js [32m200 [0m1.401 ms - 738[0m
[0mGET /javascripts/bootstrap.min.js [32m200 [0m1.051 ms - 44117[0m
[0mGET /images/banner.jpg [32m200 [0m0.850 ms - 53439[0m
[0mGET /images/b1.jpg [32m200 [0m1.414 ms - 393467[0m
[0mPOST /login [36m302 [0m8.613 ms - 56[0m
[0mGET /login [32m200 [0m5.924 ms - 1741[0m
[0mGET /stylesheets/bootstrap.min.css [36m304 [0m0.570 ms - -[0m
[0mGET /stylesheets/style.css [36m304 [0m0.753 ms - -[0m
[0mGET /javascripts/jquery-2.2.0.min.js [36m304 [0m0.904 ms - -[0m
[0mGET /images/banner.jpg [32m200 [0m0.918 ms - 53439[0m
[0mGET /javascripts/main.js [36m304 [0m0.560 ms - -[0m
[0mGET /images/b1.jpg [32m200 [0m0.484 ms - 393467[0m
[0mGET /images/logo.png [32m200 [0m1.029 ms - 1608[0m
登录成功
[0mPOST /login [36m302 [0m6.687 ms - 46[0m
tou
{ name: 'shing',
  password: '45f30919a247ff5041ca46d1ed56638f',
  _id: '570b5c1984d35d776642c5e6' }
1
2
0
20
null
111
[0mGET / [32m200 [0m12.769 ms - 4236[0m
[0mGET /javascripts/jquery-2.2.0.min.js [36m304 [0m0.846 ms - -[0m
[0mGET /stylesheets/style.css [32m200 [0m2.300 ms - 4011[0m
[0mGET /stylesheets/bootstrap.min.css [32m200 [0m1.977 ms - 88349[0m
[0mGET /images/banner.jpg [36m304 [0m0.855 ms - -[0m
[0mGET /javascripts/index.js [32m200 [0m5.066 ms - 2048[0m
已退出
[0mGET /logout [36m302 [0m3.078 ms - 28[0m
[0mGET /login [36m304 [0m3.583 ms - -[0m
index
TypeError: Cannot read property 'name' of null
    at /usr/local/src/pursue/routes/router.js:61:36
    at Layer.handle [as handle_request] (/usr/local/src/pursue/node_modules/express/lib/router/layer.js:95:5)
    at next (/usr/local/src/pursue/node_modules/express/lib/router/route.js:131:13)
    at Route.dispatch (/usr/local/src/pursue/node_modules/express/lib/router/route.js:112:3)
    at Layer.handle [as handle_request] (/usr/local/src/pursue/node_modules/express/lib/router/layer.js:95:5)
    at /usr/local/src/pursue/node_modules/express/lib/router/index.js:277:22
    at Function.process_params (/usr/local/src/pursue/node_modules/express/lib/router/index.js:330:12)
    at next (/usr/local/src/pursue/node_modules/express/lib/router/index.js:271:10)
    at next (/usr/local/src/pursue/node_modules/express/lib/router/route.js:121:14)
    at checkLogin (/usr/local/src/pursue/routes/router.js:283:3)
[0mGET /index [36m302 [0m2.060 ms - 56[0m
[0mGET /login [32m200 [0m3.368 ms - 1735[0m
[0mGET /stylesheets/bootstrap.min.css [36m304 [0m0.522 ms - -[0m
[0mGET /stylesheets/style.css [36m304 [0m1.349 ms - -[0m
[0mGET /javascripts/jquery-2.2.0.min.js [36m304 [0m2.052 ms - -[0m
[0mGET /javascripts/bootstrap.min.js [36m304 [0m1.628 ms - -[0m
[0mGET /javascripts/main.js [36m304 [0m1.546 ms - -[0m
tou
null
TypeError: Cannot read property 'name' of null
    at /usr/local/src/pursue/routes/router.js:39:38
    at Layer.handle [as handle_request] (/usr/local/src/pursue/node_modules/express/lib/router/layer.js:95:5)
    at next (/usr/local/src/pursue/node_modules/express/lib/router/route.js:131:13)
    at Route.dispatch (/usr/local/src/pursue/node_modules/express/lib/router/route.js:112:3)
    at Layer.handle [as handle_request] (/usr/local/src/pursue/node_modules/express/lib/router/layer.js:95:5)
    at /usr/local/src/pursue/node_modules/express/lib/router/index.js:277:22
    at Function.process_params (/usr/local/src/pursue/node_modules/express/lib/router/index.js:330:12)
    at next (/usr/local/src/pursue/node_modules/express/lib/router/index.js:271:10)
    at next (/usr/local/src/pursue/node_modules/express/lib/router/route.js:121:14)
    at checkLogin (/usr/local/src/pursue/routes/router.js:283:3)
[0mGET / [36m302 [0m6.043 ms - 56[0m
[0mGET /login [36m304 [0m2.935 ms - -[0m
[0mGET /stylesheets/bootstrap.min.css [36m304 [0m0.775 ms - -[0m
[0mGET /stylesheets/style.css [36m304 [0m0.565 ms - -[0m
[0mGET /javascripts/jquery-2.2.0.min.js [36m304 [0m0.600 ms - -[0m
[0mGET /javascripts/bootstrap.min.js [36m304 [0m1.372 ms - -[0m
[0mGET /javascripts/main.js [36m304 [0m0.387 ms - -[0m
[0mGET /images/banner.jpg [36m304 [0m0.719 ms - -[0m
[0mGET /images/b1.jpg [36m304 [0m0.251 ms - -[0m
Failed to load c++ bson extension, using pure JS version
{ [Error: Cannot find module '../build/Release/bson'] code: 'MODULE_NOT_FOUND' }
js-bson: Failed to load c++ bson extension, using pure JS version
Express server listening on port 3000
tou
null
TypeError: Cannot read property 'name' of null
    at /usr/local/src/pursue/routes/router.js:39:38
    at Layer.handle [as handle_request] (/usr/local/src/pursue/node_modules/express/lib/router/layer.js:95:5)
    at next (/usr/local/src/pursue/node_modules/express/lib/router/route.js:131:13)
    at Route.dispatch (/usr/local/src/pursue/node_modules/express/lib/router/route.js:112:3)
    at Layer.handle [as handle_request] (/usr/local/src/pursue/node_modules/express/lib/router/layer.js:95:5)
    at /usr/local/src/pursue/node_modules/express/lib/router/index.js:277:22
    at Function.process_params (/usr/local/src/pursue/node_modules/express/lib/router/index.js:330:12)
    at next (/usr/local/src/pursue/node_modules/express/lib/router/index.js:271:10)
    at next (/usr/local/src/pursue/node_modules/express/lib/router/route.js:121:14)
    at checkLogin (/usr/local/src/pursue/routes/router.js:283:3)
[0mGET / [36m302 [0m53.967 ms - 56[0m
[0mGET /login [36m304 [0m13.003 ms - -[0m
[0mGET /stylesheets/bootstrap.min.css [36m304 [0m2.147 ms - -[0m
[0mGET /stylesheets/style.css [36m304 [0m1.217 ms - -[0m
[0mGET /javascripts/jquery-2.2.0.min.js [36m304 [0m1.195 ms - -[0m
[0mGET /javascripts/bootstrap.min.js [36m304 [0m0.349 ms - -[0m
[0mGET /javascripts/main.js [36m304 [0m0.374 ms - -[0m
[0mGET /images/banner.jpg [36m304 [0m1.160 ms - -[0m
[0mGET /images/b1.jpg [36m304 [0m1.081 ms - -[0m
[0mGET /images/logo.png [32m200 [0m4.022 ms - 1608[0m
登录成功
[0mPOST /login [36m302 [0m46.991 ms - 46[0m
tou
{ name: 'shing',
  password: '45f30919a247ff5041ca46d1ed56638f',
  _id: '570b5c1984d35d776642c5e6' }
1
2
0
20
null
111
[0mGET / [32m200 [0m11.772 ms - 4236[0m
[0mGET /stylesheets/bootstrap.min.css [36m304 [0m1.330 ms - -[0m
[0mGET /stylesheets/style.css [36m304 [0m0.269 ms - -[0m
[0mGET /javascripts/jquery-2.2.0.min.js [36m304 [0m0.361 ms - -[0m
[0mGET /javascripts/bootstrap.min.js [36m304 [0m1.899 ms - -[0m
[0mGET /javascripts/index.js [36m304 [0m0.669 ms - -[0m
[0mGET /stylesheets/bootstrap.min.css [36m304 [0m0.566 ms - -[0m
[0mGET /stylesheets/style.css [36m304 [0m0.291 ms - -[0m
[0mGET /stylesheets/bootstrap.min.css.map [33m404 [0m3.702 ms - 46[0m
[0mGET /stylesheets/bootstrap.min.css.map [33m404 [0m2.155 ms - 46[0m
